2024-06-19 09:43:39,584 - __main__ - INFO - Browsing for file
2024-06-19 09:43:53,979 - __main__ - INFO - Loading XML
2024-06-19 09:44:13,953 - __main__ - INFO - Adding modification
2024-06-19 09:44:13,953 - __main__ - DEBUG - Modification added to position: Hello
2024-06-19 09:44:19,168 - __main__ - INFO - Adding modification
2024-06-19 09:44:19,168 - __main__ - DEBUG - Modification added to lastname: Hey
2024-06-19 09:44:24,815 - __main__ - INFO - Starting thread
2024-06-19 09:44:24,821 - __main__ - INFO - New XML saved as C:/TV/XML/modified.xml
2024-06-19 09:44:24,924 - __main__ - INFO - New XML saved as C:/TV/XML/modified.xml
2024-06-19 09:44:25,029 - __main__ - INFO - New XML saved as C:/TV/XML/modified.xml
2024-06-19 09:44:25,131 - __main__ - INFO - New XML saved as C:/TV/XML/modified.xml
2024-06-19 09:44:25,236 - __main__ - INFO - New XML saved as C:/TV/XML/modified.xml
2024-06-19 09:44:25,341 - __main__ - INFO - New XML saved as C:/TV/XML/modified.xml
2024-06-19 09:44:25,444 - __main__ - INFO - New XML saved as C:/TV/XML/modified.xml
2024-06-19 09:44:25,553 - __main__ - INFO - New XML saved as C:/TV/XML/modified.xml
2024-06-19 09:44:25,655 - __main__ - INFO - New XML saved as C:/TV/XML/modified.xml
2024-06-19 09:44:25,759 - __main__ - INFO - New XML saved as C:/TV/XML/modified.xml
2024-06-19 09:44:25,861 - __main__ - INFO - New XML saved as C:/TV/XML/modified.xml
2024-06-19 09:44:25,964 - __main__ - INFO - New XML saved as C:/TV/XML/modified.xml
2024-06-19 09:44:26,068 - __main__ - INFO - New XML saved as C:/TV/XML/modified.xml
2024-06-19 09:44:26,172 - __main__ - INFO - New XML saved as C:/TV/XML/modified.xml
2024-06-19 09:44:26,276 - __main__ - INFO - New XML saved as C:/TV/XML/modified.xml
2024-06-19 09:44:26,378 - __main__ - INFO - New XML saved as C:/TV/XML/modified.xml
2024-06-19 09:44:26,481 - __main__ - INFO - New XML saved as C:/TV/XML/modified.xml
2024-06-19 09:44:26,587 - __main__ - INFO - New XML saved as C:/TV/XML/modified.xml
2024-06-19 09:44:26,696 - __main__ - INFO - New XML saved as C:/TV/XML/modified.xml
2024-06-19 09:44:26,796 - __main__ - INFO - New XML saved as C:/TV/XML/modified.xml
2024-06-19 09:44:26,900 - __main__ - INFO - New XML saved as C:/TV/XML/modified.xml
2024-06-19 09:44:27,006 - __main__ - INFO - New XML saved as C:/TV/XML/modified.xml
2024-06-19 09:44:27,110 - __main__ - INFO - New XML saved as C:/TV/XML/modified.xml
2024-06-19 09:44:27,216 - __main__ - INFO - New XML saved as C:/TV/XML/modified.xml
2024-06-19 09:44:27,320 - __main__ - INFO - New XML saved as C:/TV/XML/modified.xml
2024-06-19 09:44:27,422 - __main__ - INFO - New XML saved as C:/TV/XML/modified.xml
2024-06-19 09:44:27,530 - __main__ - INFO - New XML saved as C:/TV/XML/modified.xml
2024-06-19 09:44:27,632 - __main__ - INFO - New XML saved as C:/TV/XML/modified.xml
2024-06-19 09:44:27,736 - __main__ - INFO - New XML saved as C:/TV/XML/modified.xml
2024-06-19 09:44:27,843 - __main__ - INFO - New XML saved as C:/TV/XML/modified.xml
2024-06-19 09:44:27,949 - __main__ - INFO - New XML saved as C:/TV/XML/modified.xml
2024-06-19 09:44:28,053 - __main__ - INFO - New XML saved as C:/TV/XML/modified.xml
2024-06-19 09:44:28,156 - __main__ - INFO - New XML saved as C:/TV/XML/modified.xml
2024-06-19 09:44:28,269 - __main__ - INFO - New XML saved as C:/TV/XML/modified.xml
2024-06-19 09:44:28,372 - __main__ - INFO - New XML saved as C:/TV/XML/modified.xml
2024-06-19 09:44:28,477 - __main__ - INFO - New XML saved as C:/TV/XML/modified.xml
2024-06-19 09:44:28,584 - __main__ - INFO - New XML saved as C:/TV/XML/modified.xml
2024-06-19 09:44:28,690 - __main__ - INFO - New XML saved as C:/TV/XML/modified.xml
2024-06-19 09:44:28,793 - __main__ - INFO - New XML saved as C:/TV/XML/modified.xml
2024-06-19 09:44:28,898 - __main__ - INFO - New XML saved as C:/TV/XML/modified.xml
2024-06-19 09:44:29,004 - __main__ - INFO - New XML saved as C:/TV/XML/modified.xml
2024-06-19 09:44:29,110 - __main__ - INFO - New XML saved as C:/TV/XML/modified.xml
2024-06-19 09:44:29,218 - __main__ - INFO - New XML saved as C:/TV/XML/modified.xml
2024-06-19 09:44:29,321 - __main__ - INFO - New XML saved as C:/TV/XML/modified.xml
2024-06-19 09:44:29,426 - __main__ - INFO - New XML saved as C:/TV/XML/modified.xml
2024-06-19 09:44:29,529 - __main__ - INFO - New XML saved as C:/TV/XML/modified.xml
2024-06-19 09:44:29,632 - __main__ - INFO - New XML saved as C:/TV/XML/modified.xml
2024-06-19 09:44:29,739 - __main__ - INFO - New XML saved as C:/TV/XML/modified.xml
2024-06-19 09:44:29,843 - __main__ - INFO - New XML saved as C:/TV/XML/modified.xml
2024-06-19 09:44:29,946 - __main__ - INFO - New XML saved as C:/TV/XML/modified.xml
2024-06-19 09:44:30,053 - __main__ - INFO - New XML saved as C:/TV/XML/modified.xml
2024-06-19 09:44:30,157 - __main__ - INFO - New XML saved as C:/TV/XML/modified.xml
2024-06-19 09:44:30,261 - __main__ - INFO - New XML saved as C:/TV/XML/modified.xml
2024-06-19 09:44:30,366 - __main__ - INFO - New XML saved as C:/TV/XML/modified.xml
2024-06-19 09:44:30,470 - __main__ - INFO - New XML saved as C:/TV/XML/modified.xml
2024-06-19 09:44:30,576 - __main__ - INFO - New XML saved as C:/TV/XML/modified.xml
2024-06-19 09:44:30,680 - __main__ - INFO - New XML saved as C:/TV/XML/modified.xml
2024-06-19 09:44:30,782 - __main__ - INFO - New XML saved as C:/TV/XML/modified.xml
2024-06-19 09:44:30,888 - __main__ - INFO - New XML saved as C:/TV/XML/modified.xml
2024-06-19 09:44:30,993 - __main__ - INFO - New XML saved as C:/TV/XML/modified.xml
2024-06-19 09:44:31,100 - __main__ - INFO - New XML saved as C:/TV/XML/modified.xml
2024-06-19 09:44:31,205 - __main__ - INFO - New XML saved as C:/TV/XML/modified.xml
2024-06-19 09:44:31,306 - __main__ - INFO - New XML saved as C:/TV/XML/modified.xml
2024-06-19 09:44:31,412 - __main__ - INFO - New XML saved as C:/TV/XML/modified.xml
2024-06-19 09:44:31,516 - __main__ - INFO - New XML saved as C:/TV/XML/modified.xml
2024-06-19 09:44:31,620 - __main__ - INFO - New XML saved as C:/TV/XML/modified.xml
2024-06-19 09:44:31,724 - __main__ - INFO - New XML saved as C:/TV/XML/modified.xml
2024-06-19 09:44:31,830 - __main__ - INFO - New XML saved as C:/TV/XML/modified.xml
2024-06-19 09:44:31,934 - __main__ - INFO - New XML saved as C:/TV/XML/modified.xml
2024-06-19 09:44:32,039 - __main__ - INFO - New XML saved as C:/TV/XML/modified.xml
2024-06-19 09:44:32,143 - __main__ - INFO - New XML saved as C:/TV/XML/modified.xml
2024-06-19 09:44:32,252 - __main__ - INFO - New XML saved as C:/TV/XML/modified.xml
2024-06-19 09:44:32,356 - __main__ - INFO - New XML saved as C:/TV/XML/modified.xml
2024-06-19 09:44:32,460 - __main__ - INFO - New XML saved as C:/TV/XML/modified.xml
2024-06-19 09:44:32,564 - __main__ - INFO - New XML saved as C:/TV/XML/modified.xml
2024-06-19 09:44:32,672 - __main__ - INFO - New XML saved as C:/TV/XML/modified.xml
2024-06-19 09:44:32,778 - __main__ - INFO - New XML saved as C:/TV/XML/modified.xml
2024-06-19 09:44:32,880 - __main__ - INFO - New XML saved as C:/TV/XML/modified.xml
2024-06-19 09:44:32,985 - __main__ - INFO - New XML saved as C:/TV/XML/modified.xml
2024-06-19 09:44:33,087 - __main__ - INFO - New XML saved as C:/TV/XML/modified.xml
2024-06-19 09:44:33,195 - __main__ - INFO - New XML saved as C:/TV/XML/modified.xml
2024-06-19 09:44:33,301 - __main__ - INFO - New XML saved as C:/TV/XML/modified.xml
2024-06-19 09:44:33,407 - __main__ - INFO - New XML saved as C:/TV/XML/modified.xml
2024-06-19 09:44:33,510 - __main__ - INFO - New XML saved as C:/TV/XML/modified.xml
2024-06-19 09:44:33,616 - __main__ - INFO - New XML saved as C:/TV/XML/modified.xml
2024-06-19 09:44:33,718 - __main__ - INFO - New XML saved as C:/TV/XML/modified.xml
2024-06-19 09:44:33,822 - __main__ - INFO - New XML saved as C:/TV/XML/modified.xml
2024-06-19 09:44:33,927 - __main__ - INFO - New XML saved as C:/TV/XML/modified.xml
2024-06-19 09:44:34,032 - __main__ - INFO - New XML saved as C:/TV/XML/modified.xml
2024-06-19 09:44:34,134 - __main__ - INFO - New XML saved as C:/TV/XML/modified.xml
2024-06-19 09:44:34,240 - __main__ - INFO - New XML saved as C:/TV/XML/modified.xml
2024-06-19 09:44:34,342 - __main__ - INFO - New XML saved as C:/TV/XML/modified.xml
2024-06-19 09:44:34,447 - __main__ - INFO - New XML saved as C:/TV/XML/modified.xml
2024-06-19 09:44:34,553 - __main__ - INFO - New XML saved as C:/TV/XML/modified.xml
2024-06-19 09:44:34,658 - __main__ - INFO - New XML saved as C:/TV/XML/modified.xml
2024-06-19 09:44:34,774 - __main__ - INFO - New XML saved as C:/TV/XML/modified.xml
2024-06-19 09:44:34,879 - __main__ - INFO - New XML saved as C:/TV/XML/modified.xml
2024-06-19 09:44:34,985 - __main__ - INFO - New XML saved as C:/TV/XML/modified.xml
2024-06-19 09:44:35,086 - __main__ - INFO - New XML saved as C:/TV/XML/modified.xml
2024-06-19 09:44:35,193 - __main__ - INFO - New XML saved as C:/TV/XML/modified.xml
2024-06-19 09:44:35,300 - __main__ - INFO - New XML saved as C:/TV/XML/modified.xml
2024-06-19 09:44:35,402 - __main__ - INFO - New XML saved as C:/TV/XML/modified.xml
2024-06-19 09:44:35,507 - __main__ - INFO - New XML saved as C:/TV/XML/modified.xml
2024-06-19 09:44:35,609 - __main__ - INFO - New XML saved as C:/TV/XML/modified.xml
2024-06-19 09:44:35,713 - __main__ - INFO - New XML saved as C:/TV/XML/modified.xml
2024-06-19 09:44:35,816 - __main__ - INFO - New XML saved as C:/TV/XML/modified.xml
2024-06-19 09:44:35,926 - __main__ - INFO - New XML saved as C:/TV/XML/modified.xml
2024-06-19 09:44:36,027 - __main__ - INFO - New XML saved as C:/TV/XML/modified.xml
2024-06-19 09:44:36,132 - __main__ - INFO - New XML saved as C:/TV/XML/modified.xml
2024-06-19 09:44:36,238 - __main__ - INFO - New XML saved as C:/TV/XML/modified.xml
2024-06-19 09:44:36,340 - __main__ - INFO - New XML saved as C:/TV/XML/modified.xml
2024-06-19 09:44:36,447 - __main__ - INFO - New XML saved as C:/TV/XML/modified.xml
2024-06-19 09:44:36,550 - __main__ - INFO - New XML saved as C:/TV/XML/modified.xml
2024-06-19 09:44:36,656 - __main__ - INFO - New XML saved as C:/TV/XML/modified.xml
2024-06-19 09:44:36,760 - __main__ - INFO - New XML saved as C:/TV/XML/modified.xml
2024-06-19 09:44:36,865 - __main__ - INFO - New XML saved as C:/TV/XML/modified.xml
2024-06-19 09:44:36,969 - __main__ - INFO - New XML saved as C:/TV/XML/modified.xml
2024-06-19 09:44:37,073 - __main__ - INFO - New XML saved as C:/TV/XML/modified.xml
2024-06-19 09:44:37,176 - __main__ - INFO - New XML saved as C:/TV/XML/modified.xml
2024-06-19 09:44:37,284 - __main__ - INFO - New XML saved as C:/TV/XML/modified.xml
2024-06-19 09:44:37,387 - __main__ - INFO - New XML saved as C:/TV/XML/modified.xml
2024-06-19 09:44:37,491 - __main__ - INFO - New XML saved as C:/TV/XML/modified.xml
2024-06-19 09:47:59,271 - __main__ - INFO - Browsing for file
2024-06-19 09:48:10,343 - __main__ - INFO - Loading XML
2024-06-19 09:48:16,654 - __main__ - INFO - Adding modification
2024-06-19 09:48:16,654 - __main__ - DEBUG - Modification added to position: Hello
2024-06-19 09:48:17,784 - __main__ - INFO - Starting thread
2024-06-19 09:48:17,784 - __main__ - INFO - New XML saved as C:/TV/XML/current_modified.xml
2024-06-19 09:48:18,800 - __main__ - INFO - New XML saved as C:/TV/XML/current_modified.xml
2024-06-19 09:48:19,801 - __main__ - INFO - New XML saved as C:/TV/XML/current_modified.xml
2024-06-19 09:48:20,806 - __main__ - INFO - New XML saved as C:/TV/XML/current_modified.xml
2024-06-19 09:48:21,809 - __main__ - INFO - New XML saved as C:/TV/XML/current_modified.xml
2024-06-19 09:48:22,810 - __main__ - INFO - New XML saved as C:/TV/XML/current_modified.xml
2024-06-19 09:48:23,814 - __main__ - INFO - New XML saved as C:/TV/XML/current_modified.xml
2024-06-19 09:48:24,158 - __main__ - INFO - Starting thread
2024-06-19 09:48:24,816 - __main__ - INFO - New XML saved as C:/TV/XML/current_modified.xml
2024-06-19 09:48:25,823 - __main__ - INFO - New XML saved as C:/TV/XML/current_modified.xml
2024-06-19 09:48:26,826 - __main__ - INFO - New XML saved as C:/TV/XML/current_modified.xml
2024-06-19 09:48:27,829 - __main__ - INFO - New XML saved as C:/TV/XML/current_modified.xml
2024-06-19 09:48:28,835 - __main__ - INFO - New XML saved as C:/TV/XML/current_modified.xml
2024-06-19 09:48:29,837 - __main__ - INFO - New XML saved as C:/TV/XML/current_modified.xml
